#! /usr/bin/vvp
:ivl_version "10.3 (stable)";
:ivl_delay_selection "TYPICAL";
:vpi_time_precision + 0;
:vpi_module "system";
:vpi_module "vhdl_sys";
:vpi_module "v2005_math";
:vpi_module "va_math";
S_0x55d96d2640a0 .scope module, "testbench" "testbench" 2 4;
 .timescale 0 0;
v0x55d96d259210_0 .var/i "file", 31 0;
v0x55d96d2876d0_0 .var "filename", 1023 0;
v0x55d96d2877b0_0 .var/i "i", 31 0;
v0x55d96d287870_0 .var "sig_UnaryOps_a", 3 0;
v0x55d96d287980_0 .net "sig_UnaryOps_logic_not_", 3 0, L_0x55d96d289f80;  1 drivers
v0x55d96d287a90_0 .net "sig_UnaryOps_logic_not_bit", 0 0, L_0x55d96d28a7a0;  1 drivers
v0x55d96d287b30_0 .net "sig_UnaryOps_neg_", 3 0, L_0x55d96d288d10;  1 drivers
v0x55d96d287bd0_0 .net "sig_UnaryOps_neg_signed", 3 0, L_0x55d96d288f50;  1 drivers
v0x55d96d287c70_0 .net "sig_UnaryOps_not_", 3 0, L_0x55d96d288bd0;  1 drivers
v0x55d96d287d10_0 .net "sig_UnaryOps_not_signed", 3 0, L_0x55d96d288db0;  1 drivers
v0x55d96d287de0_0 .net "sig_UnaryOps_pos_", 3 0, L_0x55d96d288c80;  1 drivers
v0x55d96d287eb0_0 .net "sig_UnaryOps_pos_signed", 3 0, v0x55d96d287870_0;  1 drivers
v0x55d96d287f50_0 .net "sig_UnaryOps_reduce_and_", 3 0, L_0x55d96d2892b0;  1 drivers
o0x7f3784f2a5e8 .functor BUFZ 1, C4<z>; HiZ drive
v0x55d96d288040_0 .net "sig_UnaryOps_reduce_and_bit", 0 0, o0x7f3784f2a5e8;  0 drivers
v0x55d96d288110_0 .net "sig_UnaryOps_reduce_bool_", 3 0, L_0x55d96d289c90;  1 drivers
v0x55d96d2881e0_0 .net "sig_UnaryOps_reduce_bool_bit", 0 0, L_0x55d96d28a840;  1 drivers
v0x55d96d2882b0_0 .net "sig_UnaryOps_reduce_or_", 3 0, L_0x55d96d289510;  1 drivers
v0x55d96d288380_0 .net "sig_UnaryOps_reduce_or_bit", 0 0, L_0x55d96d28a190;  1 drivers
v0x55d96d288450_0 .net "sig_UnaryOps_reduce_xnor_", 3 0, L_0x55d96d289a50;  1 drivers
v0x55d96d288520_0 .net "sig_UnaryOps_reduce_xnor_bit", 0 0, L_0x55d96d28a610;  1 drivers
v0x55d96d2885f0_0 .net "sig_UnaryOps_reduce_xor_", 3 0, L_0x55d96d289780;  1 drivers
v0x55d96d2886c0_0 .net "sig_UnaryOps_reduce_xor_bit", 0 0, L_0x55d96d28a280;  1 drivers
v0x55d96d288790_0 .var "xorshift128_t", 31 0;
v0x55d96d288850_0 .var "xorshift128_w", 31 0;
v0x55d96d288930_0 .var "xorshift128_x", 31 0;
v0x55d96d288a10_0 .var "xorshift128_y", 31 0;
v0x55d96d288af0_0 .var "xorshift128_z", 31 0;
S_0x55d96d263210 .scope task, "UnaryOps_print_header" "UnaryOps_print_header" 2 97, 2 97 0, S_0x55d96d2640a0;
 .timescale 0 0;
TD_testbench.UnaryOps_print_header ;
    %vpi_call 2 99 "$fdisplay", v0x55d96d259210_0, "#OUT#" {0 0 0};
    %vpi_call 2 100 "$fdisplay", v0x55d96d259210_0, "#OUT#   A   sig_UnaryOps_a" {0 0 0};
    %vpi_call 2 101 "$fdisplay", v0x55d96d259210_0, "#OUT#   B   sig_UnaryOps_logic_not_" {0 0 0};
    %vpi_call 2 102 "$fdisplay", v0x55d96d259210_0, "#OUT#   C   sig_UnaryOps_logic_not_bit" {0 0 0};
    %vpi_call 2 103 "$fdisplay", v0x55d96d259210_0, "#OUT#   D   sig_UnaryOps_neg_" {0 0 0};
    %vpi_call 2 104 "$fdisplay", v0x55d96d259210_0, "#OUT#   E   sig_UnaryOps_neg_signed" {0 0 0};
    %vpi_call 2 105 "$fdisplay", v0x55d96d259210_0, "#OUT#   F   sig_UnaryOps_not_" {0 0 0};
    %vpi_call 2 106 "$fdisplay", v0x55d96d259210_0, "#OUT#   G   sig_UnaryOps_not_signed" {0 0 0};
    %vpi_call 2 107 "$fdisplay", v0x55d96d259210_0, "#OUT#   H   sig_UnaryOps_pos_" {0 0 0};
    %vpi_call 2 108 "$fdisplay", v0x55d96d259210_0, "#OUT#   I   sig_UnaryOps_pos_signed" {0 0 0};
    %vpi_call 2 109 "$fdisplay", v0x55d96d259210_0, "#OUT#   J   sig_UnaryOps_reduce_and_" {0 0 0};
    %vpi_call 2 110 "$fdisplay", v0x55d96d259210_0, "#OUT#   K   sig_UnaryOps_reduce_and_bit" {0 0 0};
    %vpi_call 2 111 "$fdisplay", v0x55d96d259210_0, "#OUT#   L   sig_UnaryOps_reduce_bool_" {0 0 0};
    %vpi_call 2 112 "$fdisplay", v0x55d96d259210_0, "#OUT#   M   sig_UnaryOps_reduce_bool_bit" {0 0 0};
    %vpi_call 2 113 "$fdisplay", v0x55d96d259210_0, "#OUT#   N   sig_UnaryOps_reduce_or_" {0 0 0};
    %vpi_call 2 114 "$fdisplay", v0x55d96d259210_0, "#OUT#   O   sig_UnaryOps_reduce_or_bit" {0 0 0};
    %vpi_call 2 115 "$fdisplay", v0x55d96d259210_0, "#OUT#   P   sig_UnaryOps_reduce_xnor_" {0 0 0};
    %vpi_call 2 116 "$fdisplay", v0x55d96d259210_0, "#OUT#   Q   sig_UnaryOps_reduce_xnor_bit" {0 0 0};
    %vpi_call 2 117 "$fdisplay", v0x55d96d259210_0, "#OUT#   R   sig_UnaryOps_reduce_xor_" {0 0 0};
    %vpi_call 2 118 "$fdisplay", v0x55d96d259210_0, "#OUT#   S   sig_UnaryOps_reduce_xor_bit" {0 0 0};
    %vpi_call 2 119 "$fdisplay", v0x55d96d259210_0, "#OUT#" {0 0 0};
    %vpi_call 2 120 "$fdisplay", v0x55d96d259210_0, "#OUT# /--A # /--BC/--D/--E/--F/--G/--H/--I/--JK/--LM/--NO/--PQ/--RS" {0 0 0};
    %end;
S_0x55d96d261900 .scope task, "UnaryOps_print_status" "UnaryOps_print_status" 2 91, 2 91 0, S_0x55d96d2640a0;
 .timescale 0 0;
TD_testbench.UnaryOps_print_status ;
    %load/vec4 v0x55d96d287870_0;
    %load/vec4 v0x55d96d287980_0;
    %load/vec4 v0x55d96d287a90_0;
    %concat/vec4; draw_concat_vec4
    %load/vec4 v0x55d96d287b30_0;
    %concat/vec4; draw_concat_vec4
    %load/vec4 v0x55d96d287bd0_0;
    %concat/vec4; draw_concat_vec4
    %load/vec4 v0x55d96d287c70_0;
    %concat/vec4; draw_concat_vec4
    %load/vec4 v0x55d96d287d10_0;
    %concat/vec4; draw_concat_vec4
    %load/vec4 v0x55d96d287de0_0;
    %concat/vec4; draw_concat_vec4
    %load/vec4 v0x55d96d287eb0_0;
    %concat/vec4; draw_concat_vec4
    %load/vec4 v0x55d96d287f50_0;
    %concat/vec4; draw_concat_vec4
    %load/vec4 v0x55d96d288040_0;
    %concat/vec4; draw_concat_vec4
    %load/vec4 v0x55d96d288110_0;
    %concat/vec4; draw_concat_vec4
    %load/vec4 v0x55d96d2881e0_0;
    %concat/vec4; draw_concat_vec4
    %load/vec4 v0x55d96d2882b0_0;
    %concat/vec4; draw_concat_vec4
    %load/vec4 v0x55d96d288380_0;
    %concat/vec4; draw_concat_vec4
    %load/vec4 v0x55d96d288450_0;
    %concat/vec4; draw_concat_vec4
    %load/vec4 v0x55d96d288520_0;
    %concat/vec4; draw_concat_vec4
    %load/vec4 v0x55d96d2885f0_0;
    %concat/vec4; draw_concat_vec4
    %load/vec4 v0x55d96d2886c0_0;
    %concat/vec4; draw_concat_vec4
    %vpi_call 2 93 "$fdisplay", v0x55d96d259210_0, "#OUT# %b %b %b %t %d", S<1,vec4,u4>, 1'bx, S<0,vec4,u54>, $time, v0x55d96d2877b0_0 {2 0 0};
    %end;
S_0x55d96d260a70 .scope task, "UnaryOps_reset" "UnaryOps_reset" 2 68, 2 68 0, S_0x55d96d2640a0;
 .timescale 0 0;
TD_testbench.UnaryOps_reset ;
    %pushi/vec4 0, 0, 4;
    %assign/vec4 v0x55d96d287870_0, 2;
    %delay 100, 0;
    %pushi/vec4 15, 0, 4;
    %assign/vec4 v0x55d96d287870_0, 2;
    %delay 100, 0;
    %delay 0, 0;
    %end;
S_0x55d96d25c730 .scope task, "UnaryOps_test" "UnaryOps_test" 2 124, 2 124 0, S_0x55d96d2640a0;
 .timescale 0 0;
TD_testbench.UnaryOps_test ;
    %vpi_call 2 126 "$fdisplay", v0x55d96d259210_0, "#OUT#\012#OUT# ==== UnaryOps ====" {0 0 0};
    %fork TD_testbench.UnaryOps_reset, S_0x55d96d260a70;
    %join;
    %pushi/vec4 0, 0, 32;
    %store/vec4 v0x55d96d2877b0_0, 0, 32;
T_3.0 ;
    %load/vec4 v0x55d96d2877b0_0;
    %cmpi/s 1000, 0, 32;
    %jmp/0xz T_3.1, 5;
    %load/vec4 v0x55d96d2877b0_0;
    %pushi/vec4 20, 0, 32;
    %mod/s;
    %cmpi/e 0, 0, 32;
    %jmp/0xz  T_3.2, 4;
    %fork TD_testbench.UnaryOps_print_header, S_0x55d96d263210;
    %join;
T_3.2 ;
    %delay 100, 0;
    %fork TD_testbench.UnaryOps_update_data, S_0x55d96d21d280;
    %join;
    %delay 100, 0;
    %fork TD_testbench.UnaryOps_update_clock, S_0x55d96d21d060;
    %join;
    %delay 100, 0;
    %fork TD_testbench.UnaryOps_print_status, S_0x55d96d261900;
    %join;
    %load/vec4 v0x55d96d2877b0_0;
    %addi 1, 0, 32;
    %store/vec4 v0x55d96d2877b0_0, 0, 32;
    %jmp T_3.0;
T_3.1 ;
    %end;
S_0x55d96d21d060 .scope task, "UnaryOps_update_clock" "UnaryOps_update_clock" 2 86, 2 86 0, S_0x55d96d2640a0;
 .timescale 0 0;
TD_testbench.UnaryOps_update_clock ;
    %end;
S_0x55d96d21d280 .scope task, "UnaryOps_update_data" "UnaryOps_update_data" 2 78, 2 78 0, S_0x55d96d2640a0;
 .timescale 0 0;
TD_testbench.UnaryOps_update_data ;
    %fork TD_testbench.xorshift128, S_0x55d96d2874f0;
    %join;
    %load/vec4 v0x55d96d288930_0;
    %load/vec4 v0x55d96d288a10_0;
    %concat/vec4; draw_concat_vec4
    %load/vec4 v0x55d96d288af0_0;
    %concat/vec4; draw_concat_vec4
    %load/vec4 v0x55d96d288850_0;
    %concat/vec4; draw_concat_vec4
    %pad/u 4;
    %assign/vec4 v0x55d96d287870_0, 2;
    %delay 100, 0;
    %end;
S_0x55d96d2543e0 .scope module, "uut_UnaryOps" "UnaryOps" 2 46, 3 1 0, S_0x55d96d2640a0;
 .timescale 0 0;
    .port_info 0 /INPUT 4 "a"
    .port_info 1 /OUTPUT 4 "not_"
    .port_info 2 /OUTPUT 4 "pos_"
    .port_info 3 /OUTPUT 4 "neg_"
    .port_info 4 /OUTPUT 4 "not_signed"
    .port_info 5 /OUTPUT 4 "pos_signed"
    .port_info 6 /OUTPUT 4 "neg_signed"
    .port_info 7 /OUTPUT 4 "reduce_and_"
    .port_info 8 /OUTPUT 4 "reduce_or_"
    .port_info 9 /OUTPUT 4 "reduce_xor_"
    .port_info 10 /OUTPUT 4 "reduce_xnor_"
    .port_info 11 /OUTPUT 4 "reduce_bool_"
    .port_info 12 /OUTPUT 4 "logic_not_"
    .port_info 13 /OUTPUT 1 "reduce_and_bit"
    .port_info 14 /OUTPUT 1 "reduce_or_bit"
    .port_info 15 /OUTPUT 1 "reduce_xor_bit"
    .port_info 16 /OUTPUT 1 "reduce_xnor_bit"
    .port_info 17 /OUTPUT 1 "reduce_bool_bit"
    .port_info 18 /OUTPUT 1 "logic_not_bit"
L_0x55d96d288bd0 .functor NOT 4, v0x55d96d287870_0, C4<0000>, C4<0000>, C4<0000>;
L_0x55d96d288c80 .functor BUFZ 4, v0x55d96d287870_0, C4<0000>, C4<0000>, C4<0000>;
L_0x55d96d288db0 .functor NOT 4, v0x55d96d287870_0, C4<0000>, C4<0000>, C4<0000>;
L_0x7f3784ee1060 .functor BUFT 1, C4<0000>, C4<0>, C4<0>, C4<0>;
v0x55d96d23e1b0_0 .net *"_s10", 3 0, L_0x7f3784ee1060;  1 drivers
v0x55d96d284df0_0 .net *"_s15", 0 0, L_0x55d96d289210;  1 drivers
L_0x7f3784ee10a8 .functor BUFT 1, C4<000>, C4<0>, C4<0>, C4<0>;
v0x55d96d284eb0_0 .net *"_s19", 2 0, L_0x7f3784ee10a8;  1 drivers
v0x55d96d284f70_0 .net *"_s21", 0 0, L_0x55d96d289470;  1 drivers
L_0x7f3784ee10f0 .functor BUFT 1, C4<000>, C4<0>, C4<0>, C4<0>;
v0x55d96d285030_0 .net *"_s25", 2 0, L_0x7f3784ee10f0;  1 drivers
v0x55d96d285160_0 .net *"_s27", 0 0, L_0x55d96d2896e0;  1 drivers
L_0x7f3784ee1138 .functor BUFT 1, C4<000>, C4<0>, C4<0>, C4<0>;
v0x55d96d285220_0 .net *"_s31", 2 0, L_0x7f3784ee1138;  1 drivers
v0x55d96d285300_0 .net *"_s33", 0 0, L_0x55d96d2899b0;  1 drivers
L_0x7f3784ee1180 .functor BUFT 1, C4<000>, C4<0>, C4<0>, C4<0>;
v0x55d96d2853c0_0 .net *"_s37", 2 0, L_0x7f3784ee1180;  1 drivers
v0x55d96d2854a0_0 .net *"_s39", 0 0, L_0x55d96d289bf0;  1 drivers
L_0x7f3784ee1018 .functor BUFT 1, C4<0000>, C4<0>, C4<0>, C4<0>;
v0x55d96d285560_0 .net *"_s4", 3 0, L_0x7f3784ee1018;  1 drivers
L_0x7f3784ee11c8 .functor BUFT 1, C4<0001>, C4<0>, C4<0>, C4<0>;
v0x55d96d285640_0 .net/2u *"_s40", 3 0, L_0x7f3784ee11c8;  1 drivers
L_0x7f3784ee1210 .functor BUFT 1, C4<0000>, C4<0>, C4<0>, C4<0>;
v0x55d96d285720_0 .net/2u *"_s42", 3 0, L_0x7f3784ee1210;  1 drivers
v0x55d96d285800_0 .net *"_s47", 0 0, L_0x55d96d289ee0;  1 drivers
L_0x7f3784ee1258 .functor BUFT 1, C4<0001>, C4<0>, C4<0>, C4<0>;
v0x55d96d2858c0_0 .net/2u *"_s48", 3 0, L_0x7f3784ee1258;  1 drivers
L_0x7f3784ee12a0 .functor BUFT 1, C4<0000>, C4<0>, C4<0>, C4<0>;
v0x55d96d2859a0_0 .net/2u *"_s50", 3 0, L_0x7f3784ee12a0;  1 drivers
v0x55d96d285a80_0 .net *"_s61", 0 0, L_0x55d96d28a700;  1 drivers
L_0x7f3784ee12e8 .functor BUFT 1, C4<1>, C4<0>, C4<0>, C4<0>;
v0x55d96d285b40_0 .net/2u *"_s62", 0 0, L_0x7f3784ee12e8;  1 drivers
L_0x7f3784ee1330 .functor BUFT 1, C4<0>, C4<0>, C4<0>, C4<0>;
v0x55d96d285c20_0 .net/2u *"_s64", 0 0, L_0x7f3784ee1330;  1 drivers
v0x55d96d285d00_0 .net *"_s69", 0 0, L_0x55d96d28aa20;  1 drivers
L_0x7f3784ee1378 .functor BUFT 1, C4<1>, C4<0>, C4<0>, C4<0>;
v0x55d96d285dc0_0 .net/2u *"_s70", 0 0, L_0x7f3784ee1378;  1 drivers
L_0x7f3784ee13c0 .functor BUFT 1, C4<0>, C4<0>, C4<0>, C4<0>;
v0x55d96d285ea0_0 .net/2u *"_s72", 0 0, L_0x7f3784ee13c0;  1 drivers
v0x55d96d285f80_0 .net "a", 3 0, v0x55d96d287870_0;  alias, 1 drivers
v0x55d96d286060_0 .net "logic_not_", 3 0, L_0x55d96d289f80;  alias, 1 drivers
v0x55d96d286140_0 .net "logic_not_bit", 0 0, L_0x55d96d28a7a0;  alias, 1 drivers
v0x55d96d286220_0 .net "neg_", 3 0, L_0x55d96d288d10;  alias, 1 drivers
v0x55d96d286300_0 .net "neg_signed", 3 0, L_0x55d96d288f50;  alias, 1 drivers
v0x55d96d2863e0_0 .net "not_", 3 0, L_0x55d96d288bd0;  alias, 1 drivers
v0x55d96d2864c0_0 .net "not_signed", 3 0, L_0x55d96d288db0;  alias, 1 drivers
v0x55d96d2865a0_0 .net "pos_", 3 0, L_0x55d96d288c80;  alias, 1 drivers
v0x55d96d286680_0 .net "pos_signed", 3 0, v0x55d96d287870_0;  alias, 1 drivers
v0x55d96d286740_0 .net "reduce_and_", 3 0, L_0x55d96d2892b0;  alias, 1 drivers
v0x55d96d286800_0 .net "reduce_and_bit", 0 0, o0x7f3784f2a5e8;  alias, 0 drivers
v0x55d96d286af0_0 .net "reduce_bool_", 3 0, L_0x55d96d289c90;  alias, 1 drivers
v0x55d96d286bd0_0 .net "reduce_bool_bit", 0 0, L_0x55d96d28a840;  alias, 1 drivers
v0x55d96d286cb0_0 .net "reduce_or_", 3 0, L_0x55d96d289510;  alias, 1 drivers
v0x55d96d286d90_0 .net "reduce_or_bit", 0 0, L_0x55d96d28a190;  alias, 1 drivers
v0x55d96d286e70_0 .net "reduce_xnor_", 3 0, L_0x55d96d289a50;  alias, 1 drivers
v0x55d96d286f50_0 .net "reduce_xnor_bit", 0 0, L_0x55d96d28a610;  alias, 1 drivers
v0x55d96d287030_0 .net "reduce_xor_", 3 0, L_0x55d96d289780;  alias, 1 drivers
v0x55d96d287110_0 .net "reduce_xor_bit", 0 0, L_0x55d96d28a280;  alias, 1 drivers
L_0x55d96d288d10 .arith/sub 4, L_0x7f3784ee1018, v0x55d96d287870_0;
L_0x55d96d288f50 .arith/sub 4, L_0x7f3784ee1060, v0x55d96d287870_0;
L_0x55d96d289210 .reduce/and v0x55d96d287870_0;
L_0x55d96d2892b0 .concat [ 1 3 0 0], L_0x55d96d289210, L_0x7f3784ee10a8;
L_0x55d96d289470 .reduce/or v0x55d96d287870_0;
L_0x55d96d289510 .concat [ 1 3 0 0], L_0x55d96d289470, L_0x7f3784ee10f0;
L_0x55d96d2896e0 .reduce/xor v0x55d96d287870_0;
L_0x55d96d289780 .concat [ 1 3 0 0], L_0x55d96d2896e0, L_0x7f3784ee1138;
L_0x55d96d2899b0 .reduce/xnor v0x55d96d287870_0;
L_0x55d96d289a50 .concat [ 1 3 0 0], L_0x55d96d2899b0, L_0x7f3784ee1180;
L_0x55d96d289bf0 .reduce/or v0x55d96d287870_0;
L_0x55d96d289c90 .functor MUXZ 4, L_0x7f3784ee1210, L_0x7f3784ee11c8, L_0x55d96d289bf0, C4<>;
L_0x55d96d289ee0 .reduce/nor v0x55d96d287870_0;
L_0x55d96d289f80 .functor MUXZ 4, L_0x7f3784ee12a0, L_0x7f3784ee1258, L_0x55d96d289ee0, C4<>;
L_0x55d96d28a190 .reduce/or v0x55d96d287870_0;
L_0x55d96d28a280 .reduce/xor v0x55d96d287870_0;
L_0x55d96d28a610 .reduce/xnor v0x55d96d287870_0;
L_0x55d96d28a700 .reduce/or v0x55d96d287870_0;
L_0x55d96d28a840 .functor MUXZ 1, L_0x7f3784ee1330, L_0x7f3784ee12e8, L_0x55d96d28a700, C4<>;
L_0x55d96d28aa20 .reduce/nor v0x55d96d287870_0;
L_0x55d96d28a7a0 .functor MUXZ 1, L_0x7f3784ee13c0, L_0x7f3784ee1378, L_0x55d96d28aa20, C4<>;
S_0x55d96d2874f0 .scope task, "xorshift128" "xorshift128" 2 17, 2 17 0, S_0x55d96d2640a0;
 .timescale 0 0;
TD_testbench.xorshift128 ;
    %load/vec4 v0x55d96d288930_0;
    %load/vec4 v0x55d96d288930_0;
    %ix/load 4, 11, 0;
    %flag_set/imm 4, 0;
    %shiftl 4;
    %xor;
    %store/vec4 v0x55d96d288790_0, 0, 32;
    %load/vec4 v0x55d96d288a10_0;
    %store/vec4 v0x55d96d288930_0, 0, 32;
    %load/vec4 v0x55d96d288af0_0;
    %store/vec4 v0x55d96d288a10_0, 0, 32;
    %load/vec4 v0x55d96d288850_0;
    %store/vec4 v0x55d96d288af0_0, 0, 32;
    %load/vec4 v0x55d96d288850_0;
    %load/vec4 v0x55d96d288850_0;
    %ix/load 4, 19, 0;
    %flag_set/imm 4, 0;
    %shiftr 4;
    %xor;
    %load/vec4 v0x55d96d288790_0;
    %xor;
    %load/vec4 v0x55d96d288790_0;
    %ix/load 4, 8, 0;
    %flag_set/imm 4, 0;
    %shiftr 4;
    %xor;
    %store/vec4 v0x55d96d288850_0, 0, 32;
    %end;
    .scope S_0x55d96d2640a0;
T_7 ;
    %pushi/vec4 123456789, 0, 32;
    %store/vec4 v0x55d96d288930_0, 0, 32;
    %pushi/vec4 362436069, 0, 32;
    %store/vec4 v0x55d96d288a10_0, 0, 32;
    %pushi/vec4 521288629, 0, 32;
    %store/vec4 v0x55d96d288af0_0, 0, 32;
    %pushi/vec4 1652607334, 0, 32;
    %store/vec4 v0x55d96d288850_0, 0, 32;
    %end;
    .thread T_7;
    .scope S_0x55d96d2640a0;
T_8 ;
    %vpi_func 2 138 "$value$plusargs" 32, "VCD=%s", v0x55d96d2876d0_0 {0 0 0};
    %cmpi/ne 0, 0, 32;
    %jmp/0xz  T_8.0, 4;
    %vpi_call 2 139 "$dumpfile", v0x55d96d2876d0_0 {0 0 0};
    %vpi_call 2 140 "$dumpvars", 32'sb00000000000000000000000000000000, S_0x55d96d2640a0 {0 0 0};
T_8.0 ;
    %vpi_func 2 142 "$value$plusargs" 32, "OUT=%s", v0x55d96d2876d0_0 {0 0 0};
    %cmpi/ne 0, 0, 32;
    %jmp/0xz  T_8.2, 4;
    %vpi_func 2 143 "$fopen" 32, v0x55d96d2876d0_0 {0 0 0};
    %store/vec4 v0x55d96d259210_0, 0, 32;
    %jmp T_8.3;
T_8.2 ;
    %vpi_func 2 145 "$fopen" 32, "/dev/stdout" {0 0 0};
    %store/vec4 v0x55d96d259210_0, 0, 32;
T_8.3 ;
    %fork TD_testbench.UnaryOps_test, S_0x55d96d25c730;
    %join;
    %vpi_call 2 148 "$fclose", v0x55d96d259210_0 {0 0 0};
    %vpi_call 2 149 "$finish" {0 0 0};
    %end;
    .thread T_8;
# The file index is used to find the file name in the following table.
:file_names 4;
    "N/A";
    "<interactive>";
    "unary_ops_tb.v";
    "unary_ops.sv";
